<?xml version="1.0" encoding="UTF-8"?>
<robot generator="Robot 4.1.3 (Python 3.10.2 on win32)" generated="20220712 09:25:43.681" rpa="false" schemaversion="2">
<suite id="s1" name="Create-Product" source="D:\20220707-RBF-Test\create-product.robot">
<kw name="Login Merchant Center" type="SETUP">
<kw name="Open Browser" library="SeleniumLibrary">
<arg>${url}</arg>
<arg>${browser}</arg>
<doc>Opens a new browser instance to the optional ``url``.</doc>
<msg timestamp="20220712 09:25:43.825" level="INFO">Opening browser 'chrome' to base url 'http://mcf-qa-merchant-center.herokuapp.com'.</msg>
<status status="PASS" starttime="20220712 09:25:43.825" endtime="20220712 09:25:46.418"/>
</kw>
<kw name="Maximize Browser Window" library="SeleniumLibrary">
<doc>Maximizes current browser window.</doc>
<status status="PASS" starttime="20220712 09:25:46.418" endtime="20220712 09:25:46.540"/>
</kw>
<kw name="Set Selenium Speed" library="SeleniumLibrary">
<arg>0.3</arg>
<doc>Sets the delay that is waited after each Selenium command.</doc>
<status status="PASS" starttime="20220712 09:25:46.540" endtime="20220712 09:25:46.541"/>
</kw>
<kw name="Location Should Be" library="SeleniumLibrary">
<arg>${url}/users/sign_in</arg>
<doc>Verifies that the current URL is exactly ``url``.</doc>
<msg timestamp="20220712 09:25:46.851" level="INFO">Current location is 'http://mcf-qa-merchant-center.herokuapp.com/users/sign_in'.</msg>
<status status="PASS" starttime="20220712 09:25:46.541" endtime="20220712 09:25:46.851"/>
</kw>
<kw name="Select Checkbox" library="SeleniumLibrary">
<arg>id=user_remember_me</arg>
<doc>Selects the checkbox identified by ``locator``.</doc>
<msg timestamp="20220712 09:25:46.852" level="INFO">Selecting checkbox 'id=user_remember_me'.</msg>
<status status="PASS" starttime="20220712 09:25:46.851" endtime="20220712 09:25:48.478"/>
</kw>
<kw name="Input Text" library="SeleniumLibrary">
<arg>id=user_email</arg>
<arg>${email}</arg>
<doc>Types the given ``text`` into the text field identified by ``locator``.</doc>
<msg timestamp="20220712 09:25:48.478" level="INFO">Typing text 'devrec-manao@mycloudfulfillment.com' into text field 'id=user_email'.</msg>
<status status="PASS" starttime="20220712 09:25:48.478" endtime="20220712 09:25:49.468"/>
</kw>
<kw name="Input Password" library="SeleniumLibrary">
<arg>id=user_password</arg>
<arg>${password}</arg>
<doc>Types the given password into the text field identified by ``locator``.</doc>
<msg timestamp="20220712 09:25:49.468" level="INFO">Typing password into text field 'id=user_password'.</msg>
<msg timestamp="20220712 09:25:50.108" level="INFO">Temporally setting log level to: NONE</msg>
<msg timestamp="20220712 09:25:50.447" level="INFO">Log level changed from NONE to INFO.</msg>
<status status="PASS" starttime="20220712 09:25:49.468" endtime="20220712 09:25:50.447"/>
</kw>
<kw name="Unselect Checkbox" library="SeleniumLibrary">
<arg>id=user_remember_me</arg>
<doc>Removes the selection of checkbox identified by ``locator``.</doc>
<msg timestamp="20220712 09:25:50.448" level="INFO">Unselecting checkbox 'id=user_remember_me'.</msg>
<status status="PASS" starttime="20220712 09:25:50.447" endtime="20220712 09:25:52.067"/>
</kw>
<kw name="Click Button" library="SeleniumLibrary">
<arg>name=commit</arg>
<doc>Clicks the button identified by ``locator``.</doc>
<msg timestamp="20220712 09:25:52.068" level="INFO">Clicking button 'name=commit'.</msg>
<status status="PASS" starttime="20220712 09:25:52.067" endtime="20220712 09:25:53.919"/>
</kw>
<kw name="Element Should Be Visible" library="SeleniumLibrary">
<arg>//h2[contains(text(),'Welcome to Merchant Center - QA Assignment')]</arg>
<doc>Verifies that the element identified by ``locator`` is visible.</doc>
<msg timestamp="20220712 09:25:54.554" level="INFO">Element '//h2[contains(text(),'Welcome to Merchant Center - QA Assignment')]' is displayed.</msg>
<status status="PASS" starttime="20220712 09:25:53.919" endtime="20220712 09:25:54.554"/>
</kw>
<status status="PASS" starttime="20220712 09:25:43.825" endtime="20220712 09:25:54.554"/>
</kw>
<test id="s1-t1" name="CreateNewProductwithoutProductImage">
<kw name="Go To" library="SeleniumLibrary" type="SETUP">
<arg>${createProduct}</arg>
<doc>Navigates the current browser window to the provided ``url``.</doc>
<msg timestamp="20220712 09:25:54.554" level="INFO">Opening url 'http://mcf-qa-merchant-center.herokuapp.com/products/new'</msg>
<status status="PASS" starttime="20220712 09:25:54.554" endtime="20220712 09:25:55.172"/>
</kw>
<kw name="Input Text" library="SeleniumLibrary">
<arg>id=name</arg>
<arg>${name}</arg>
<doc>Types the given ``text`` into the text field identified by ``locator``.</doc>
<msg timestamp="20220712 09:25:55.174" level="INFO">Typing text 'Blue Shirt' into text field 'id=name'.</msg>
<status status="PASS" starttime="20220712 09:25:55.173" endtime="20220712 09:25:56.179"/>
</kw>
<kw name="Input Text" library="SeleniumLibrary">
<arg>id=category</arg>
<arg>${category}</arg>
<doc>Types the given ``text`` into the text field identified by ``locator``.</doc>
<msg timestamp="20220712 09:25:56.180" level="INFO">Typing text 'Cloth' into text field 'id=category'.</msg>
<status status="PASS" starttime="20220712 09:25:56.179" endtime="20220712 09:25:57.185"/>
</kw>
<kw name="Click Button" library="SeleniumLibrary">
<arg>name=commit</arg>
<doc>Clicks the button identified by ``locator``.</doc>
<msg timestamp="20220712 09:25:57.187" level="INFO">Clicking button 'name=commit'.</msg>
<status status="PASS" starttime="20220712 09:25:57.186" endtime="20220712 09:25:58.495"/>
</kw>
<kw name="Element Should Contain" library="SeleniumLibrary">
<arg>//body/div[1]</arg>
<arg>Your new product is created!</arg>
<doc>Verifies that element ``locator`` contains text ``expected``.</doc>
<msg timestamp="20220712 09:25:59.142" level="INFO">Element '//body/div[1]' contains text 'Your new product is created!'.</msg>
<status status="PASS" starttime="20220712 09:25:58.495" endtime="20220712 09:25:59.142"/>
</kw>
<kw name="Element Should Be Visible" library="SeleniumLibrary">
<arg>//a[contains(text(),'Create another product')]</arg>
<doc>Verifies that the element identified by ``locator`` is visible.</doc>
<msg timestamp="20220712 09:25:59.780" level="INFO">Element '//a[contains(text(),'Create another product')]' is displayed.</msg>
<status status="PASS" starttime="20220712 09:25:59.142" endtime="20220712 09:25:59.780"/>
</kw>
<kw name="Location Should Contain" library="SeleniumLibrary">
<arg>/products</arg>
<doc>Verifies that the current URL contains ``expected``.</doc>
<msg timestamp="20220712 09:26:00.088" level="INFO">Current location contains '/products'.</msg>
<status status="PASS" starttime="20220712 09:25:59.780" endtime="20220712 09:26:00.088"/>
</kw>
<kw name="Reload Page" library="SeleniumLibrary">
<doc>Simulates user reloading page.</doc>
<status status="PASS" starttime="20220712 09:26:00.088" endtime="20220712 09:26:04.947"/>
</kw>
<kw name="Get Element Count" library="SeleniumLibrary">
<var>${countRow}</var>
<arg>//tbody/tr</arg>
<doc>Returns the number of elements matching ``locator``.</doc>
<msg timestamp="20220712 09:26:05.270" level="INFO">${countRow} = 51</msg>
<status status="PASS" starttime="20220712 09:26:04.947" endtime="20220712 09:26:05.270"/>
</kw>
<kw name="Log To Console" library="BuiltIn">
<arg>\nCount Row = ${countRow}\n</arg>
<doc>Logs the given message to the console.</doc>
<status status="PASS" starttime="20220712 09:26:05.272" endtime="20220712 09:26:05.274"/>
</kw>
<kw name="Get Current Date" library="DateTime">
<var>${currentDate}</var>
<arg>result_format=%Y-%m-%d</arg>
<doc>Returns current local or UTC time with an optional increment.</doc>
<msg timestamp="20220712 09:26:05.276" level="INFO">${currentDate} = 2022-07-12</msg>
<status status="PASS" starttime="20220712 09:26:05.275" endtime="20220712 09:26:05.276"/>
</kw>
<kw name="Log To Console" library="BuiltIn">
<arg>\nCurrent Date = ${currentDate}\n</arg>
<doc>Logs the given message to the console.</doc>
<status status="PASS" starttime="20220712 09:26:05.277" endtime="20220712 09:26:05.278"/>
</kw>
<kw name="Execute Javascript" library="SeleniumLibrary">
<arg>window.scrollTo(0, document.body.scrollHeight)</arg>
<doc>Executes the given JavaScript code with possible arguments.</doc>
<msg timestamp="20220712 09:26:05.280" level="INFO">Executing JavaScript:
window.scrollTo(0, document.body.scrollHeight)
Without any arguments.</msg>
<status status="PASS" starttime="20220712 09:26:05.279" endtime="20220712 09:26:05.598"/>
</kw>
<kw name="Table Cell Should Contain" library="SeleniumLibrary">
<arg>${tableProductList}</arg>
<arg>${lastRow}</arg>
<arg>1</arg>
<arg>No Image</arg>
<doc>Verifies table cell contains text ``expected``.</doc>
<msg timestamp="20220712 09:26:07.840" level="INFO">Table cell contains 'No Image'.</msg>
<status status="PASS" starttime="20220712 09:26:05.598" endtime="20220712 09:26:07.840"/>
</kw>
<kw name="Table Cell Should Contain" library="SeleniumLibrary">
<arg>${tableProductList}</arg>
<arg>${lastRow}</arg>
<arg>${columnName}</arg>
<arg>${name}</arg>
<doc>Verifies table cell contains text ``expected``.</doc>
<msg timestamp="20220712 09:26:10.107" level="INFO">Table cell contains 'Blue Shirt'.</msg>
<status status="PASS" starttime="20220712 09:26:07.841" endtime="20220712 09:26:10.107"/>
</kw>
<kw name="Table Cell Should Contain" library="SeleniumLibrary">
<arg>${tableProductList}</arg>
<arg>${lastRow}</arg>
<arg>${columnCategory}</arg>
<arg>${category}</arg>
<doc>Verifies table cell contains text ``expected``.</doc>
<msg timestamp="20220712 09:26:12.364" level="INFO">Table cell contains 'Cloth'.</msg>
<status status="PASS" starttime="20220712 09:26:10.108" endtime="20220712 09:26:12.364"/>
</kw>
<kw name="Table Cell Should Contain" library="SeleniumLibrary">
<arg>${tableProductList}</arg>
<arg>${lastRow}</arg>
<arg>${columnCreateAt}</arg>
<arg>${currentDate}</arg>
<doc>Verifies table cell contains text ``expected``.</doc>
<msg timestamp="20220712 09:26:14.637" level="INFO">Table cell contains '2022-07-12'.</msg>
<status status="PASS" starttime="20220712 09:26:12.365" endtime="20220712 09:26:14.637"/>
</kw>
<kw name="Table Cell Should Contain" library="SeleniumLibrary">
<arg>${tableProductList}</arg>
<arg>${lastRow}</arg>
<arg>${columnCreateBy}</arg>
<arg>${email}</arg>
<doc>Verifies table cell contains text ``expected``.</doc>
<msg timestamp="20220712 09:26:16.873" level="INFO">Table cell contains 'devrec-manao@mycloudfulfillment.com'.</msg>
<status status="PASS" starttime="20220712 09:26:14.639" endtime="20220712 09:26:16.873"/>
</kw>
<status status="PASS" starttime="20220712 09:25:54.554" endtime="20220712 09:26:16.874"/>
</test>
<kw name="Close Browser" library="SeleniumLibrary" type="TEARDOWN">
<doc>Closes the current browser.</doc>
<status status="PASS" starttime="20220712 09:26:16.879" endtime="20220712 09:26:19.253"/>
</kw>
<status status="PASS" starttime="20220712 09:25:43.683" endtime="20220712 09:26:19.253"/>
</suite>
<statistics>
<total>
<stat pass="1" fail="0" skip="0">All Tests</stat>
</total>
<tag>
</tag>
<suite>
<stat pass="1" fail="0" skip="0" id="s1" name="Create-Product">Create-Product</stat>
</suite>
</statistics>
<errors>
</errors>
</robot>
